
==========================================================================
detailed place report_tns
--------------------------------------------------------------------------
tns max 0.00

==========================================================================
detailed place report_wns
--------------------------------------------------------------------------
wns max 0.00

==========================================================================
detailed place report_worst_slack
--------------------------------------------------------------------------
worst slack max 8.58

==========================================================================
detailed place report_clock_min_period
--------------------------------------------------------------------------
core_clock period_min = 1.42 fmax = 702.14

==========================================================================
detailed place report_checks -path_delay min
--------------------------------------------------------------------------
Startpoint: master.clk_cnt[15]$_DFF_PP0_
            (rising edge-triggered flip-flop clocked by core_clock)
Endpoint: master.clk_cnt[15]$_DFF_PP0_
          (rising edge-triggered flip-flop clocked by core_clock)
Path Group: core_clock
Path Type: min

Fanout     Cap    Slew   Delay    Time   Description
-----------------------------------------------------------------------------
                  0.00    0.00    0.00   clock core_clock (rise edge)
                          0.00    0.00   clock network delay (ideal)
                  0.00    0.00    0.00 ^ master.clk_cnt[15]$_DFF_PP0_/CLK (sky130_fd_sc_hd__dfrtp_1)
     2    0.01    0.09    0.34    0.34 ^ master.clk_cnt[15]$_DFF_PP0_/Q (sky130_fd_sc_hd__dfrtp_1)
                                         master.clk_cnt[15] (net)
                  0.09    0.00    0.34 ^ _373_/A (sky130_fd_sc_hd__xor2_1)
     1    0.00    0.04    0.07    0.41 v _373_/X (sky130_fd_sc_hd__xor2_1)
                                         _019_ (net)
                  0.04    0.00    0.41 v master.clk_cnt[15]$_DFF_PP0_/D (sky130_fd_sc_hd__dfrtp_1)
                                  0.41   data arrival time

                  0.00    0.00    0.00   clock core_clock (rise edge)
                          0.00    0.00   clock network delay (ideal)
                          0.00    0.00   clock reconvergence pessimism
                                  0.00 ^ master.clk_cnt[15]$_DFF_PP0_/CLK (sky130_fd_sc_hd__dfrtp_1)
                         -0.05   -0.05   library hold time
                                 -0.05   data required time
-----------------------------------------------------------------------------
                                 -0.05   data required time
                                 -0.41   data arrival time
-----------------------------------------------------------------------------
                                  0.47   slack (MET)



==========================================================================
detailed place report_checks -path_delay max
--------------------------------------------------------------------------
Startpoint: master.clk_cnt[9]$_DFF_PP0_
            (rising edge-triggered flip-flop clocked by core_clock)
Endpoint: master.scl_int$_DFFE_PP1N_
          (rising edge-triggered flip-flop clocked by core_clock)
Path Group: core_clock
Path Type: max

Fanout     Cap    Slew   Delay    Time   Description
-----------------------------------------------------------------------------
                  0.00    0.00    0.00   clock core_clock (rise edge)
                          0.00    0.00   clock network delay (ideal)
                  0.00    0.00    0.00 ^ master.clk_cnt[9]$_DFF_PP0_/CLK (sky130_fd_sc_hd__dfrtp_1)
     6    0.02    0.11    0.41    0.41 v master.clk_cnt[9]$_DFF_PP0_/Q (sky130_fd_sc_hd__dfrtp_1)
                                         master.clk_cnt[9] (net)
                  0.11    0.00    0.41 v _326_/A (sky130_fd_sc_hd__nor4b_1)
     1    0.00    0.25    0.31    0.72 ^ _326_/Y (sky130_fd_sc_hd__nor4b_1)
                                         _152_ (net)
                  0.25    0.00    0.72 ^ _328_/C (sky130_fd_sc_hd__and4_1)
     9    0.03    0.33    0.44    1.16 ^ _328_/X (sky130_fd_sc_hd__and4_1)
                                         _154_ (net)
                  0.33    0.00    1.16 ^ _413_/B (sky130_fd_sc_hd__xor2_1)
     1    0.00    0.13    0.19    1.34 ^ _413_/X (sky130_fd_sc_hd__xor2_1)
                                         _082_ (net)
                  0.13    0.00    1.34 ^ master.scl_int$_DFFE_PP1N_/D (sky130_fd_sc_hd__dfstp_2)
                                  1.34   data arrival time

                  0.00   10.00   10.00   clock core_clock (rise edge)
                          0.00   10.00   clock network delay (ideal)
                          0.00   10.00   clock reconvergence pessimism
                                 10.00 ^ master.scl_int$_DFFE_PP1N_/CLK (sky130_fd_sc_hd__dfstp_2)
                         -0.08    9.92   library setup time
                                  9.92   data required time
-----------------------------------------------------------------------------
                                  9.92   data required time
                                 -1.34   data arrival time
-----------------------------------------------------------------------------
                                  8.58   slack (MET)



==========================================================================
detailed place report_checks -unconstrained
--------------------------------------------------------------------------
Startpoint: master.clk_cnt[9]$_DFF_PP0_
            (rising edge-triggered flip-flop clocked by core_clock)
Endpoint: master.scl_int$_DFFE_PP1N_
          (rising edge-triggered flip-flop clocked by core_clock)
Path Group: core_clock
Path Type: max

Fanout     Cap    Slew   Delay    Time   Description
-----------------------------------------------------------------------------
                  0.00    0.00    0.00   clock core_clock (rise edge)
                          0.00    0.00   clock network delay (ideal)
                  0.00    0.00    0.00 ^ master.clk_cnt[9]$_DFF_PP0_/CLK (sky130_fd_sc_hd__dfrtp_1)
     6    0.02    0.11    0.41    0.41 v master.clk_cnt[9]$_DFF_PP0_/Q (sky130_fd_sc_hd__dfrtp_1)
                                         master.clk_cnt[9] (net)
                  0.11    0.00    0.41 v _326_/A (sky130_fd_sc_hd__nor4b_1)
     1    0.00    0.25    0.31    0.72 ^ _326_/Y (sky130_fd_sc_hd__nor4b_1)
                                         _152_ (net)
                  0.25    0.00    0.72 ^ _328_/C (sky130_fd_sc_hd__and4_1)
     9    0.03    0.33    0.44    1.16 ^ _328_/X (sky130_fd_sc_hd__and4_1)
                                         _154_ (net)
                  0.33    0.00    1.16 ^ _413_/B (sky130_fd_sc_hd__xor2_1)
     1    0.00    0.13    0.19    1.34 ^ _413_/X (sky130_fd_sc_hd__xor2_1)
                                         _082_ (net)
                  0.13    0.00    1.34 ^ master.scl_int$_DFFE_PP1N_/D (sky130_fd_sc_hd__dfstp_2)
                                  1.34   data arrival time

                  0.00   10.00   10.00   clock core_clock (rise edge)
                          0.00   10.00   clock network delay (ideal)
                          0.00   10.00   clock reconvergence pessimism
                                 10.00 ^ master.scl_int$_DFFE_PP1N_/CLK (sky130_fd_sc_hd__dfstp_2)
                         -0.08    9.92   library setup time
                                  9.92   data required time
-----------------------------------------------------------------------------
                                  9.92   data required time
                                 -1.34   data arrival time
-----------------------------------------------------------------------------
                                  8.58   slack (MET)



==========================================================================
detailed place report_check_types -max_slew -max_cap -max_fanout -violators
--------------------------------------------------------------------------

==========================================================================
detailed place max_slew_check_slack
--------------------------------------------------------------------------
0.536303699016571

==========================================================================
detailed place max_slew_check_limit
--------------------------------------------------------------------------
1.4953149557113647

==========================================================================
detailed place max_slew_check_slack_limit
--------------------------------------------------------------------------
0.3587

==========================================================================
detailed place max_fanout_check_slack
--------------------------------------------------------------------------
1.0000000150474662e+30

==========================================================================
detailed place max_fanout_check_limit
--------------------------------------------------------------------------
1.0000000150474662e+30

==========================================================================
detailed place max_capacitance_check_slack
--------------------------------------------------------------------------
0.01625920832157135

==========================================================================
detailed place max_capacitance_check_limit
--------------------------------------------------------------------------
0.021067000925540924

==========================================================================
detailed place max_capacitance_check_slack_limit
--------------------------------------------------------------------------
0.7718

==========================================================================
detailed place max_slew_violation_count
--------------------------------------------------------------------------
max slew violation count 0

==========================================================================
detailed place max_fanout_violation_count
--------------------------------------------------------------------------
max fanout violation count 0

==========================================================================
detailed place max_cap_violation_count
--------------------------------------------------------------------------
max cap violation count 0

==========================================================================
detailed place setup_violation_count
--------------------------------------------------------------------------
setup violation count 0

==========================================================================
detailed place hold_violation_count
--------------------------------------------------------------------------
hold violation count 0

==========================================================================
detailed place report_checks -path_delay max reg to reg
--------------------------------------------------------------------------
Startpoint: master.clk_cnt[9]$_DFF_PP0_
            (rising edge-triggered flip-flop clocked by core_clock)
Endpoint: master.scl_int$_DFFE_PP1N_
          (rising edge-triggered flip-flop clocked by core_clock)
Path Group: core_clock
Path Type: max

  Delay    Time   Description
---------------------------------------------------------
   0.00    0.00   clock core_clock (rise edge)
   0.00    0.00   clock network delay (ideal)
   0.00    0.00 ^ master.clk_cnt[9]$_DFF_PP0_/CLK (sky130_fd_sc_hd__dfrtp_1)
   0.41    0.41 v master.clk_cnt[9]$_DFF_PP0_/Q (sky130_fd_sc_hd__dfrtp_1)
   0.31    0.72 ^ _326_/Y (sky130_fd_sc_hd__nor4b_1)
   0.44    1.16 ^ _328_/X (sky130_fd_sc_hd__and4_1)
   0.19    1.34 ^ _413_/X (sky130_fd_sc_hd__xor2_1)
   0.00    1.34 ^ master.scl_int$_DFFE_PP1N_/D (sky130_fd_sc_hd__dfstp_2)
           1.34   data arrival time

  10.00   10.00   clock core_clock (rise edge)
   0.00   10.00   clock network delay (ideal)
   0.00   10.00   clock reconvergence pessimism
          10.00 ^ master.scl_int$_DFFE_PP1N_/CLK (sky130_fd_sc_hd__dfstp_2)
  -0.08    9.92   library setup time
           9.92   data required time
---------------------------------------------------------
           9.92   data required time
          -1.34   data arrival time
---------------------------------------------------------
           8.58   slack (MET)



==========================================================================
detailed place report_checks -path_delay min reg to reg
--------------------------------------------------------------------------
Startpoint: master.clk_cnt[15]$_DFF_PP0_
            (rising edge-triggered flip-flop clocked by core_clock)
Endpoint: master.clk_cnt[15]$_DFF_PP0_
          (rising edge-triggered flip-flop clocked by core_clock)
Path Group: core_clock
Path Type: min

  Delay    Time   Description
---------------------------------------------------------
   0.00    0.00   clock core_clock (rise edge)
   0.00    0.00   clock network delay (ideal)
   0.00    0.00 ^ master.clk_cnt[15]$_DFF_PP0_/CLK (sky130_fd_sc_hd__dfrtp_1)
   0.34    0.34 ^ master.clk_cnt[15]$_DFF_PP0_/Q (sky130_fd_sc_hd__dfrtp_1)
   0.07    0.41 v _373_/X (sky130_fd_sc_hd__xor2_1)
   0.00    0.41 v master.clk_cnt[15]$_DFF_PP0_/D (sky130_fd_sc_hd__dfrtp_1)
           0.41   data arrival time

   0.00    0.00   clock core_clock (rise edge)
   0.00    0.00   clock network delay (ideal)
   0.00    0.00   clock reconvergence pessimism
           0.00 ^ master.clk_cnt[15]$_DFF_PP0_/CLK (sky130_fd_sc_hd__dfrtp_1)
  -0.05   -0.05   library hold time
          -0.05   data required time
---------------------------------------------------------
          -0.05   data required time
          -0.41   data arrival time
---------------------------------------------------------
           0.47   slack (MET)



==========================================================================
detailed place critical path target clock latency max path
--------------------------------------------------------------------------
0

==========================================================================
detailed place critical path target clock latency min path
--------------------------------------------------------------------------
0

==========================================================================
detailed place critical path source clock latency min path
--------------------------------------------------------------------------
0

==========================================================================
detailed place critical path delay
--------------------------------------------------------------------------
1.3442

==========================================================================
detailed place critical path slack
--------------------------------------------------------------------------
8.5758

==========================================================================
detailed place slack div critical path delay
--------------------------------------------------------------------------
637.985419

==========================================================================
detailed place report_power
--------------------------------------------------------------------------
Group                  Internal  Switching    Leakage      Total
                          Power      Power      Power      Power (Watts)
----------------------------------------------------------------
Sequential             7.07e-05   0.00e+00   6.39e-10   7.07e-05  85.8%
Combinational          7.67e-06   4.05e-06   7.24e-10   1.17e-05  14.2%
Clock                  0.00e+00   0.00e+00   0.00e+00   0.00e+00   0.0%
Macro                  0.00e+00   0.00e+00   0.00e+00   0.00e+00   0.0%
Pad                    0.00e+00   0.00e+00   0.00e+00   0.00e+00   0.0%
----------------------------------------------------------------
Total                  7.83e-05   4.05e-06   1.36e-09   8.24e-05 100.0%
                          95.1%       4.9%       0.0%
