
==========================================================================
global route report_tns
--------------------------------------------------------------------------
tns max 0.00

==========================================================================
global route report_wns
--------------------------------------------------------------------------
wns max 0.00

==========================================================================
global route report_worst_slack
--------------------------------------------------------------------------
worst slack max 8.41

==========================================================================
global route report_clock_min_period
--------------------------------------------------------------------------
core_clock period_min = 1.59 fmax = 628.96

==========================================================================
global route report_clock_skew
--------------------------------------------------------------------------
Clock core_clock
   0.26 source latency master.clk_cnt[6]$_DFF_PP0_/CLK ^
  -0.26 target latency master.clk_cnt[8]$_DFF_PP0_/CLK ^
   0.00 CRPR
--------------
  -0.01 setup skew


==========================================================================
global route report_checks -path_delay min
--------------------------------------------------------------------------
Startpoint: master.clk_cnt[15]$_DFF_PP0_
            (rising edge-triggered flip-flop clocked by core_clock)
Endpoint: master.clk_cnt[15]$_DFF_PP0_
          (rising edge-triggered flip-flop clocked by core_clock)
Path Group: core_clock
Path Type: min

Fanout     Cap    Slew   Delay    Time   Description
-----------------------------------------------------------------------------
                          0.00    0.00   clock core_clock (rise edge)
                          0.00    0.00   clock source latency
     1    0.01    0.00    0.00    0.00 ^ clk (in)
                                         clk (net)
                  0.00    0.00    0.00 ^ clkbuf_0_clk/A (sky130_fd_sc_hd__clkbuf_8)
     2    0.02    0.05    0.11    0.11 ^ clkbuf_0_clk/X (sky130_fd_sc_hd__clkbuf_8)
                                         clknet_0_clk (net)
                  0.05    0.00    0.11 ^ clkbuf_1_0__f_clk/A (sky130_fd_sc_hd__clkbuf_8)
     9    0.04    0.08    0.15    0.26 ^ clkbuf_1_0__f_clk/X (sky130_fd_sc_hd__clkbuf_8)
                                         clknet_1_0__leaf_clk (net)
                  0.08    0.00    0.26 ^ master.clk_cnt[15]$_DFF_PP0_/CLK (sky130_fd_sc_hd__dfrtp_1)
     2    0.01    0.11    0.38    0.65 ^ master.clk_cnt[15]$_DFF_PP0_/Q (sky130_fd_sc_hd__dfrtp_1)
                                         master.clk_cnt[15] (net)
                  0.11    0.00    0.65 ^ _373_/A (sky130_fd_sc_hd__xor2_1)
     1    0.01    0.05    0.09    0.74 v _373_/X (sky130_fd_sc_hd__xor2_1)
                                         _019_ (net)
                  0.05    0.00    0.74 v master.clk_cnt[15]$_DFF_PP0_/D (sky130_fd_sc_hd__dfrtp_1)
                                  0.74   data arrival time

                          0.00    0.00   clock core_clock (rise edge)
                          0.00    0.00   clock source latency
     1    0.01    0.00    0.00    0.00 ^ clk (in)
                                         clk (net)
                  0.00    0.00    0.00 ^ clkbuf_0_clk/A (sky130_fd_sc_hd__clkbuf_8)
     2    0.02    0.05    0.11    0.11 ^ clkbuf_0_clk/X (sky130_fd_sc_hd__clkbuf_8)
                                         clknet_0_clk (net)
                  0.05    0.00    0.11 ^ clkbuf_1_0__f_clk/A (sky130_fd_sc_hd__clkbuf_8)
     9    0.04    0.08    0.15    0.26 ^ clkbuf_1_0__f_clk/X (sky130_fd_sc_hd__clkbuf_8)
                                         clknet_1_0__leaf_clk (net)
                  0.08    0.00    0.26 ^ master.clk_cnt[15]$_DFF_PP0_/CLK (sky130_fd_sc_hd__dfrtp_1)
                          0.00    0.26   clock reconvergence pessimism
                         -0.04    0.22   library hold time
                                  0.22   data required time
-----------------------------------------------------------------------------
                                  0.22   data required time
                                 -0.74   data arrival time
-----------------------------------------------------------------------------
                                  0.51   slack (MET)



==========================================================================
global route report_checks -path_delay max
--------------------------------------------------------------------------
Startpoint: master.clk_cnt[1]$_DFF_PP0_
            (rising edge-triggered flip-flop clocked by core_clock)
Endpoint: master.scl_int$_DFFE_PP1N_
          (rising edge-triggered flip-flop clocked by core_clock)
Path Group: core_clock
Path Type: max

Fanout     Cap    Slew   Delay    Time   Description
-----------------------------------------------------------------------------
                          0.00    0.00   clock core_clock (rise edge)
                          0.00    0.00   clock source latency
     1    0.01    0.00    0.00    0.00 ^ clk (in)
                                         clk (net)
                  0.00    0.00    0.00 ^ clkbuf_0_clk/A (sky130_fd_sc_hd__clkbuf_8)
     2    0.02    0.05    0.11    0.11 ^ clkbuf_0_clk/X (sky130_fd_sc_hd__clkbuf_8)
                                         clknet_0_clk (net)
                  0.05    0.00    0.11 ^ clkbuf_1_1__f_clk/A (sky130_fd_sc_hd__clkbuf_8)
     9    0.03    0.07    0.14    0.26 ^ clkbuf_1_1__f_clk/X (sky130_fd_sc_hd__clkbuf_8)
                                         clknet_1_1__leaf_clk (net)
                  0.07    0.00    0.26 ^ master.clk_cnt[1]$_DFF_PP0_/CLK (sky130_fd_sc_hd__dfrtp_1)
     4    0.01    0.09    0.42    0.67 v master.clk_cnt[1]$_DFF_PP0_/Q (sky130_fd_sc_hd__dfrtp_1)
                                         master.clk_cnt[1] (net)
                  0.09    0.00    0.67 v _393_/A (sky130_fd_sc_hd__inv_1)
     1    0.01    0.06    0.09    0.76 ^ _393_/Y (sky130_fd_sc_hd__inv_1)
                                         _065_ (net)
                  0.06    0.00    0.76 ^ _438_/B (sky130_fd_sc_hd__ha_1)
     1    0.00    0.05    0.14    0.90 ^ _438_/COUT (sky130_fd_sc_hd__ha_1)
                                         _066_ (net)
                  0.05    0.00    0.90 ^ _324_/C_N (sky130_fd_sc_hd__nor3b_1)
     1    0.00    0.20    0.21    1.10 ^ _324_/Y (sky130_fd_sc_hd__nor3b_1)
                                         _150_ (net)
                  0.20    0.00    1.10 ^ _328_/A (sky130_fd_sc_hd__and4_1)
     9    0.04    0.39    0.46    1.57 ^ _328_/X (sky130_fd_sc_hd__and4_1)
                                         _154_ (net)
                  0.39    0.00    1.57 ^ _413_/B (sky130_fd_sc_hd__xor2_1)
     1    0.00    0.15    0.20    1.77 ^ _413_/X (sky130_fd_sc_hd__xor2_1)
                                         _082_ (net)
                  0.15    0.00    1.77 ^ master.scl_int$_DFFE_PP1N_/D (sky130_fd_sc_hd__dfstp_2)
                                  1.77   data arrival time

                         10.00   10.00   clock core_clock (rise edge)
                          0.00   10.00   clock source latency
     1    0.01    0.00    0.00   10.00 ^ clk (in)
                                         clk (net)
                  0.00    0.00   10.00 ^ clkbuf_0_clk/A (sky130_fd_sc_hd__clkbuf_8)
     2    0.02    0.05    0.11   10.11 ^ clkbuf_0_clk/X (sky130_fd_sc_hd__clkbuf_8)
                                         clknet_0_clk (net)
                  0.05    0.00   10.11 ^ clkbuf_1_1__f_clk/A (sky130_fd_sc_hd__clkbuf_8)
     9    0.03    0.07    0.14   10.26 ^ clkbuf_1_1__f_clk/X (sky130_fd_sc_hd__clkbuf_8)
                                         clknet_1_1__leaf_clk (net)
                  0.07    0.00   10.26 ^ master.scl_int$_DFFE_PP1N_/CLK (sky130_fd_sc_hd__dfstp_2)
                          0.00   10.26   clock reconvergence pessimism
                         -0.07   10.18   library setup time
                                 10.18   data required time
-----------------------------------------------------------------------------
                                 10.18   data required time
                                 -1.77   data arrival time
-----------------------------------------------------------------------------
                                  8.41   slack (MET)



==========================================================================
global route report_checks -unconstrained
--------------------------------------------------------------------------
Startpoint: master.clk_cnt[1]$_DFF_PP0_
            (rising edge-triggered flip-flop clocked by core_clock)
Endpoint: master.scl_int$_DFFE_PP1N_
          (rising edge-triggered flip-flop clocked by core_clock)
Path Group: core_clock
Path Type: max

Fanout     Cap    Slew   Delay    Time   Description
-----------------------------------------------------------------------------
                          0.00    0.00   clock core_clock (rise edge)
                          0.00    0.00   clock source latency
     1    0.01    0.00    0.00    0.00 ^ clk (in)
                                         clk (net)
                  0.00    0.00    0.00 ^ clkbuf_0_clk/A (sky130_fd_sc_hd__clkbuf_8)
     2    0.02    0.05    0.11    0.11 ^ clkbuf_0_clk/X (sky130_fd_sc_hd__clkbuf_8)
                                         clknet_0_clk (net)
                  0.05    0.00    0.11 ^ clkbuf_1_1__f_clk/A (sky130_fd_sc_hd__clkbuf_8)
     9    0.03    0.07    0.14    0.26 ^ clkbuf_1_1__f_clk/X (sky130_fd_sc_hd__clkbuf_8)
                                         clknet_1_1__leaf_clk (net)
                  0.07    0.00    0.26 ^ master.clk_cnt[1]$_DFF_PP0_/CLK (sky130_fd_sc_hd__dfrtp_1)
     4    0.01    0.09    0.42    0.67 v master.clk_cnt[1]$_DFF_PP0_/Q (sky130_fd_sc_hd__dfrtp_1)
                                         master.clk_cnt[1] (net)
                  0.09    0.00    0.67 v _393_/A (sky130_fd_sc_hd__inv_1)
     1    0.01    0.06    0.09    0.76 ^ _393_/Y (sky130_fd_sc_hd__inv_1)
                                         _065_ (net)
                  0.06    0.00    0.76 ^ _438_/B (sky130_fd_sc_hd__ha_1)
     1    0.00    0.05    0.14    0.90 ^ _438_/COUT (sky130_fd_sc_hd__ha_1)
                                         _066_ (net)
                  0.05    0.00    0.90 ^ _324_/C_N (sky130_fd_sc_hd__nor3b_1)
     1    0.00    0.20    0.21    1.10 ^ _324_/Y (sky130_fd_sc_hd__nor3b_1)
                                         _150_ (net)
                  0.20    0.00    1.10 ^ _328_/A (sky130_fd_sc_hd__and4_1)
     9    0.04    0.39    0.46    1.57 ^ _328_/X (sky130_fd_sc_hd__and4_1)
                                         _154_ (net)
                  0.39    0.00    1.57 ^ _413_/B (sky130_fd_sc_hd__xor2_1)
     1    0.00    0.15    0.20    1.77 ^ _413_/X (sky130_fd_sc_hd__xor2_1)
                                         _082_ (net)
                  0.15    0.00    1.77 ^ master.scl_int$_DFFE_PP1N_/D (sky130_fd_sc_hd__dfstp_2)
                                  1.77   data arrival time

                         10.00   10.00   clock core_clock (rise edge)
                          0.00   10.00   clock source latency
     1    0.01    0.00    0.00   10.00 ^ clk (in)
                                         clk (net)
                  0.00    0.00   10.00 ^ clkbuf_0_clk/A (sky130_fd_sc_hd__clkbuf_8)
     2    0.02    0.05    0.11   10.11 ^ clkbuf_0_clk/X (sky130_fd_sc_hd__clkbuf_8)
                                         clknet_0_clk (net)
                  0.05    0.00   10.11 ^ clkbuf_1_1__f_clk/A (sky130_fd_sc_hd__clkbuf_8)
     9    0.03    0.07    0.14   10.26 ^ clkbuf_1_1__f_clk/X (sky130_fd_sc_hd__clkbuf_8)
                                         clknet_1_1__leaf_clk (net)
                  0.07    0.00   10.26 ^ master.scl_int$_DFFE_PP1N_/CLK (sky130_fd_sc_hd__dfstp_2)
                          0.00   10.26   clock reconvergence pessimism
                         -0.07   10.18   library setup time
                                 10.18   data required time
-----------------------------------------------------------------------------
                                 10.18   data required time
                                 -1.77   data arrival time
-----------------------------------------------------------------------------
                                  8.41   slack (MET)



==========================================================================
global route report_check_types -max_slew -max_cap -max_fanout -violators
--------------------------------------------------------------------------

==========================================================================
global route max_slew_check_slack
--------------------------------------------------------------------------
0.49084392189979553

==========================================================================
global route max_slew_check_limit
--------------------------------------------------------------------------
1.4953149557113647

==========================================================================
global route max_slew_check_slack_limit
--------------------------------------------------------------------------
0.3283

==========================================================================
global route max_fanout_check_slack
--------------------------------------------------------------------------
1.0000000150474662e+30

==========================================================================
global route max_fanout_check_limit
--------------------------------------------------------------------------
1.0000000150474662e+30

==========================================================================
global route max_capacitance_check_slack
--------------------------------------------------------------------------
0.01586955040693283

==========================================================================
global route max_capacitance_check_limit
--------------------------------------------------------------------------
0.021067000925540924

==========================================================================
global route max_capacitance_check_slack_limit
--------------------------------------------------------------------------
0.7533

==========================================================================
global route max_slew_violation_count
--------------------------------------------------------------------------
max slew violation count 0

==========================================================================
global route max_fanout_violation_count
--------------------------------------------------------------------------
max fanout violation count 0

==========================================================================
global route max_cap_violation_count
--------------------------------------------------------------------------
max cap violation count 0

==========================================================================
global route setup_violation_count
--------------------------------------------------------------------------
setup violation count 0

==========================================================================
global route hold_violation_count
--------------------------------------------------------------------------
hold violation count 0

==========================================================================
global route report_checks -path_delay max reg to reg
--------------------------------------------------------------------------
Startpoint: master.clk_cnt[1]$_DFF_PP0_
            (rising edge-triggered flip-flop clocked by core_clock)
Endpoint: master.scl_int$_DFFE_PP1N_
          (rising edge-triggered flip-flop clocked by core_clock)
Path Group: core_clock
Path Type: max

  Delay    Time   Description
---------------------------------------------------------
   0.00    0.00   clock core_clock (rise edge)
   0.00    0.00   clock source latency
   0.00    0.00 ^ clk (in)
   0.11    0.11 ^ clkbuf_0_clk/X (sky130_fd_sc_hd__clkbuf_8)
   0.15    0.26 ^ clkbuf_1_1__f_clk/X (sky130_fd_sc_hd__clkbuf_8)
   0.00    0.26 ^ master.clk_cnt[1]$_DFF_PP0_/CLK (sky130_fd_sc_hd__dfrtp_1)
   0.42    0.67 v master.clk_cnt[1]$_DFF_PP0_/Q (sky130_fd_sc_hd__dfrtp_1)
   0.09    0.76 ^ _393_/Y (sky130_fd_sc_hd__inv_1)
   0.14    0.90 ^ _438_/COUT (sky130_fd_sc_hd__ha_1)
   0.21    1.10 ^ _324_/Y (sky130_fd_sc_hd__nor3b_1)
   0.46    1.57 ^ _328_/X (sky130_fd_sc_hd__and4_1)
   0.21    1.77 ^ _413_/X (sky130_fd_sc_hd__xor2_1)
   0.00    1.77 ^ master.scl_int$_DFFE_PP1N_/D (sky130_fd_sc_hd__dfstp_2)
           1.77   data arrival time

  10.00   10.00   clock core_clock (rise edge)
   0.00   10.00   clock source latency
   0.00   10.00 ^ clk (in)
   0.11   10.11 ^ clkbuf_0_clk/X (sky130_fd_sc_hd__clkbuf_8)
   0.15   10.26 ^ clkbuf_1_1__f_clk/X (sky130_fd_sc_hd__clkbuf_8)
   0.00   10.26 ^ master.scl_int$_DFFE_PP1N_/CLK (sky130_fd_sc_hd__dfstp_2)
   0.00   10.26   clock reconvergence pessimism
  -0.07   10.18   library setup time
          10.18   data required time
---------------------------------------------------------
          10.18   data required time
          -1.77   data arrival time
---------------------------------------------------------
           8.41   slack (MET)



==========================================================================
global route report_checks -path_delay min reg to reg
--------------------------------------------------------------------------
Startpoint: master.clk_cnt[15]$_DFF_PP0_
            (rising edge-triggered flip-flop clocked by core_clock)
Endpoint: master.clk_cnt[15]$_DFF_PP0_
          (rising edge-triggered flip-flop clocked by core_clock)
Path Group: core_clock
Path Type: min

  Delay    Time   Description
---------------------------------------------------------
   0.00    0.00   clock core_clock (rise edge)
   0.00    0.00   clock source latency
   0.00    0.00 ^ clk (in)
   0.11    0.11 ^ clkbuf_0_clk/X (sky130_fd_sc_hd__clkbuf_8)
   0.15    0.26 ^ clkbuf_1_0__f_clk/X (sky130_fd_sc_hd__clkbuf_8)
   0.00    0.26 ^ master.clk_cnt[15]$_DFF_PP0_/CLK (sky130_fd_sc_hd__dfrtp_1)
   0.38    0.65 ^ master.clk_cnt[15]$_DFF_PP0_/Q (sky130_fd_sc_hd__dfrtp_1)
   0.09    0.74 v _373_/X (sky130_fd_sc_hd__xor2_1)
   0.00    0.74 v master.clk_cnt[15]$_DFF_PP0_/D (sky130_fd_sc_hd__dfrtp_1)
           0.74   data arrival time

   0.00    0.00   clock core_clock (rise edge)
   0.00    0.00   clock source latency
   0.00    0.00 ^ clk (in)
   0.11    0.11 ^ clkbuf_0_clk/X (sky130_fd_sc_hd__clkbuf_8)
   0.15    0.26 ^ clkbuf_1_0__f_clk/X (sky130_fd_sc_hd__clkbuf_8)
   0.00    0.26 ^ master.clk_cnt[15]$_DFF_PP0_/CLK (sky130_fd_sc_hd__dfrtp_1)
   0.00    0.26   clock reconvergence pessimism
  -0.04    0.22   library hold time
           0.22   data required time
---------------------------------------------------------
           0.22   data required time
          -0.74   data arrival time
---------------------------------------------------------
           0.51   slack (MET)



==========================================================================
global route critical path target clock latency max path
--------------------------------------------------------------------------
0

==========================================================================
global route critical path target clock latency min path
--------------------------------------------------------------------------
0

==========================================================================
global route critical path source clock latency min path
--------------------------------------------------------------------------
0

==========================================================================
global route critical path delay
--------------------------------------------------------------------------
1.7720

==========================================================================
global route critical path slack
--------------------------------------------------------------------------
8.4101

==========================================================================
global route slack div critical path delay
--------------------------------------------------------------------------
474.610609

==========================================================================
global route report_power
--------------------------------------------------------------------------
Group                  Internal  Switching    Leakage      Total
                          Power      Power      Power      Power (Watts)
----------------------------------------------------------------
Sequential             6.93e-05   0.00e+00   6.39e-10   6.93e-05  50.6%
Combinational          7.72e-06   4.77e-06   7.24e-10   1.25e-05   9.1%
Clock                  2.84e-05   2.67e-05   2.28e-11   5.51e-05  40.3%
Macro                  0.00e+00   0.00e+00   0.00e+00   0.00e+00   0.0%
Pad                    0.00e+00   0.00e+00   0.00e+00   0.00e+00   0.0%
----------------------------------------------------------------
Total                  1.05e-04   3.15e-05   1.39e-09   1.37e-04 100.0%
                          77.0%      23.0%       0.0%
