
==========================================================================
finish report_tns
--------------------------------------------------------------------------
tns max 0.00

==========================================================================
finish report_wns
--------------------------------------------------------------------------
wns max 0.00

==========================================================================
finish report_worst_slack
--------------------------------------------------------------------------
worst slack max 8.59

==========================================================================
finish report_clock_min_period
--------------------------------------------------------------------------
core_clock period_min = 1.41 fmax = 708.86

==========================================================================
finish report_clock_skew
--------------------------------------------------------------------------
Clock core_clock
   0.25 source latency master.clk_cnt[10]$_DFF_PP0_/CLK ^
  -0.24 target latency master.clk_cnt[6]$_DFF_PP0_/CLK ^
   0.00 CRPR
--------------
   0.00 setup skew


==========================================================================
finish report_checks -path_delay min
--------------------------------------------------------------------------
Startpoint: master.clk_cnt[15]$_DFF_PP0_
            (rising edge-triggered flip-flop clocked by core_clock)
Endpoint: master.clk_cnt[15]$_DFF_PP0_
          (rising edge-triggered flip-flop clocked by core_clock)
Path Group: core_clock
Path Type: min

Fanout     Cap    Slew   Delay    Time   Description
-----------------------------------------------------------------------------
                          0.00    0.00   clock core_clock (rise edge)
                          0.00    0.00   clock source latency
     1    0.01    0.00    0.00    0.00 ^ clk (in)
                                         clk (net)
                  0.00    0.00    0.00 ^ clkbuf_0_clk/A (sky130_fd_sc_hd__clkbuf_8)
     2    0.01    0.04    0.11    0.11 ^ clkbuf_0_clk/X (sky130_fd_sc_hd__clkbuf_8)
                                         clknet_0_clk (net)
                  0.04    0.00    0.11 ^ clkbuf_1_0__f_clk/A (sky130_fd_sc_hd__clkbuf_8)
     9    0.03    0.06    0.14    0.25 ^ clkbuf_1_0__f_clk/X (sky130_fd_sc_hd__clkbuf_8)
                                         clknet_1_0__leaf_clk (net)
                  0.06    0.00    0.25 ^ master.clk_cnt[15]$_DFF_PP0_/CLK (sky130_fd_sc_hd__dfrtp_1)
     2    0.01    0.09    0.36    0.61 ^ master.clk_cnt[15]$_DFF_PP0_/Q (sky130_fd_sc_hd__dfrtp_1)
                                         master.clk_cnt[15] (net)
                  0.09    0.00    0.61 ^ _373_/A (sky130_fd_sc_hd__xor2_1)
     1    0.00    0.04    0.07    0.68 v _373_/X (sky130_fd_sc_hd__xor2_1)
                                         _019_ (net)
                  0.04    0.00    0.68 v master.clk_cnt[15]$_DFF_PP0_/D (sky130_fd_sc_hd__dfrtp_1)
                                  0.68   data arrival time

                          0.00    0.00   clock core_clock (rise edge)
                          0.00    0.00   clock source latency
     1    0.01    0.00    0.00    0.00 ^ clk (in)
                                         clk (net)
                  0.00    0.00    0.00 ^ clkbuf_0_clk/A (sky130_fd_sc_hd__clkbuf_8)
     2    0.01    0.04    0.11    0.11 ^ clkbuf_0_clk/X (sky130_fd_sc_hd__clkbuf_8)
                                         clknet_0_clk (net)
                  0.04    0.00    0.11 ^ clkbuf_1_0__f_clk/A (sky130_fd_sc_hd__clkbuf_8)
     9    0.03    0.06    0.14    0.25 ^ clkbuf_1_0__f_clk/X (sky130_fd_sc_hd__clkbuf_8)
                                         clknet_1_0__leaf_clk (net)
                  0.06    0.00    0.25 ^ master.clk_cnt[15]$_DFF_PP0_/CLK (sky130_fd_sc_hd__dfrtp_1)
                          0.00    0.25   clock reconvergence pessimism
                         -0.04    0.21   library hold time
                                  0.21   data required time
-----------------------------------------------------------------------------
                                  0.21   data required time
                                 -0.68   data arrival time
-----------------------------------------------------------------------------
                                  0.47   slack (MET)



==========================================================================
finish report_checks -path_delay max
--------------------------------------------------------------------------
Startpoint: master.clk_cnt[9]$_DFF_PP0_
            (rising edge-triggered flip-flop clocked by core_clock)
Endpoint: master.scl_int$_DFFE_PP1N_
          (rising edge-triggered flip-flop clocked by core_clock)
Path Group: core_clock
Path Type: max

Fanout     Cap    Slew   Delay    Time   Description
-----------------------------------------------------------------------------
                          0.00    0.00   clock core_clock (rise edge)
                          0.00    0.00   clock source latency
     1    0.01    0.00    0.00    0.00 ^ clk (in)
                                         clk (net)
                  0.00    0.00    0.00 ^ clkbuf_0_clk/A (sky130_fd_sc_hd__clkbuf_8)
     2    0.01    0.04    0.11    0.11 ^ clkbuf_0_clk/X (sky130_fd_sc_hd__clkbuf_8)
                                         clknet_0_clk (net)
                  0.04    0.00    0.11 ^ clkbuf_1_0__f_clk/A (sky130_fd_sc_hd__clkbuf_8)
     9    0.03    0.06    0.14    0.25 ^ clkbuf_1_0__f_clk/X (sky130_fd_sc_hd__clkbuf_8)
                                         clknet_1_0__leaf_clk (net)
                  0.06    0.00    0.25 ^ master.clk_cnt[9]$_DFF_PP0_/CLK (sky130_fd_sc_hd__dfrtp_1)
     6    0.02    0.11    0.44    0.69 v master.clk_cnt[9]$_DFF_PP0_/Q (sky130_fd_sc_hd__dfrtp_1)
                                         master.clk_cnt[9] (net)
                  0.11    0.00    0.69 v _326_/A (sky130_fd_sc_hd__nor4b_1)
     1    0.00    0.22    0.30    0.98 ^ _326_/Y (sky130_fd_sc_hd__nor4b_1)
                                         _152_ (net)
                  0.22    0.00    0.98 ^ _328_/C (sky130_fd_sc_hd__and4_1)
     9    0.03    0.32    0.42    1.41 ^ _328_/X (sky130_fd_sc_hd__and4_1)
                                         _154_ (net)
                  0.32    0.00    1.41 ^ _413_/B (sky130_fd_sc_hd__xor2_1)
     1    0.00    0.12    0.18    1.59 ^ _413_/X (sky130_fd_sc_hd__xor2_1)
                                         _082_ (net)
                  0.12    0.00    1.59 ^ master.scl_int$_DFFE_PP1N_/D (sky130_fd_sc_hd__dfstp_2)
                                  1.59   data arrival time

                         10.00   10.00   clock core_clock (rise edge)
                          0.00   10.00   clock source latency
     1    0.01    0.00    0.00   10.00 ^ clk (in)
                                         clk (net)
                  0.00    0.00   10.00 ^ clkbuf_0_clk/A (sky130_fd_sc_hd__clkbuf_8)
     2    0.01    0.04    0.11   10.11 ^ clkbuf_0_clk/X (sky130_fd_sc_hd__clkbuf_8)
                                         clknet_0_clk (net)
                  0.04    0.00   10.11 ^ clkbuf_1_1__f_clk/A (sky130_fd_sc_hd__clkbuf_8)
     9    0.02    0.06    0.14   10.24 ^ clkbuf_1_1__f_clk/X (sky130_fd_sc_hd__clkbuf_8)
                                         clknet_1_1__leaf_clk (net)
                  0.06    0.00   10.25 ^ master.scl_int$_DFFE_PP1N_/CLK (sky130_fd_sc_hd__dfstp_2)
                          0.00   10.25   clock reconvergence pessimism
                         -0.07   10.18   library setup time
                                 10.18   data required time
-----------------------------------------------------------------------------
                                 10.18   data required time
                                 -1.59   data arrival time
-----------------------------------------------------------------------------
                                  8.59   slack (MET)



==========================================================================
finish report_checks -unconstrained
--------------------------------------------------------------------------
Startpoint: master.clk_cnt[9]$_DFF_PP0_
            (rising edge-triggered flip-flop clocked by core_clock)
Endpoint: master.scl_int$_DFFE_PP1N_
          (rising edge-triggered flip-flop clocked by core_clock)
Path Group: core_clock
Path Type: max

Fanout     Cap    Slew   Delay    Time   Description
-----------------------------------------------------------------------------
                          0.00    0.00   clock core_clock (rise edge)
                          0.00    0.00   clock source latency
     1    0.01    0.00    0.00    0.00 ^ clk (in)
                                         clk (net)
                  0.00    0.00    0.00 ^ clkbuf_0_clk/A (sky130_fd_sc_hd__clkbuf_8)
     2    0.01    0.04    0.11    0.11 ^ clkbuf_0_clk/X (sky130_fd_sc_hd__clkbuf_8)
                                         clknet_0_clk (net)
                  0.04    0.00    0.11 ^ clkbuf_1_0__f_clk/A (sky130_fd_sc_hd__clkbuf_8)
     9    0.03    0.06    0.14    0.25 ^ clkbuf_1_0__f_clk/X (sky130_fd_sc_hd__clkbuf_8)
                                         clknet_1_0__leaf_clk (net)
                  0.06    0.00    0.25 ^ master.clk_cnt[9]$_DFF_PP0_/CLK (sky130_fd_sc_hd__dfrtp_1)
     6    0.02    0.11    0.44    0.69 v master.clk_cnt[9]$_DFF_PP0_/Q (sky130_fd_sc_hd__dfrtp_1)
                                         master.clk_cnt[9] (net)
                  0.11    0.00    0.69 v _326_/A (sky130_fd_sc_hd__nor4b_1)
     1    0.00    0.22    0.30    0.98 ^ _326_/Y (sky130_fd_sc_hd__nor4b_1)
                                         _152_ (net)
                  0.22    0.00    0.98 ^ _328_/C (sky130_fd_sc_hd__and4_1)
     9    0.03    0.32    0.42    1.41 ^ _328_/X (sky130_fd_sc_hd__and4_1)
                                         _154_ (net)
                  0.32    0.00    1.41 ^ _413_/B (sky130_fd_sc_hd__xor2_1)
     1    0.00    0.12    0.18    1.59 ^ _413_/X (sky130_fd_sc_hd__xor2_1)
                                         _082_ (net)
                  0.12    0.00    1.59 ^ master.scl_int$_DFFE_PP1N_/D (sky130_fd_sc_hd__dfstp_2)
                                  1.59   data arrival time

                         10.00   10.00   clock core_clock (rise edge)
                          0.00   10.00   clock source latency
     1    0.01    0.00    0.00   10.00 ^ clk (in)
                                         clk (net)
                  0.00    0.00   10.00 ^ clkbuf_0_clk/A (sky130_fd_sc_hd__clkbuf_8)
     2    0.01    0.04    0.11   10.11 ^ clkbuf_0_clk/X (sky130_fd_sc_hd__clkbuf_8)
                                         clknet_0_clk (net)
                  0.04    0.00   10.11 ^ clkbuf_1_1__f_clk/A (sky130_fd_sc_hd__clkbuf_8)
     9    0.02    0.06    0.14   10.24 ^ clkbuf_1_1__f_clk/X (sky130_fd_sc_hd__clkbuf_8)
                                         clknet_1_1__leaf_clk (net)
                  0.06    0.00   10.25 ^ master.scl_int$_DFFE_PP1N_/CLK (sky130_fd_sc_hd__dfstp_2)
                          0.00   10.25   clock reconvergence pessimism
                         -0.07   10.18   library setup time
                                 10.18   data required time
-----------------------------------------------------------------------------
                                 10.18   data required time
                                 -1.59   data arrival time
-----------------------------------------------------------------------------
                                  8.59   slack (MET)



==========================================================================
finish report_check_types -max_slew -max_cap -max_fanout -violators
--------------------------------------------------------------------------

==========================================================================
finish max_slew_check_slack
--------------------------------------------------------------------------
0.5152440667152405

==========================================================================
finish max_slew_check_limit
--------------------------------------------------------------------------
1.4953149557113647

==========================================================================
finish max_slew_check_slack_limit
--------------------------------------------------------------------------
0.3446

==========================================================================
finish max_fanout_check_slack
--------------------------------------------------------------------------
1.0000000150474662e+30

==========================================================================
finish max_fanout_check_limit
--------------------------------------------------------------------------
1.0000000150474662e+30

==========================================================================
finish max_capacitance_check_slack
--------------------------------------------------------------------------
0.016739383339881897

==========================================================================
finish max_capacitance_check_limit
--------------------------------------------------------------------------
0.021067000925540924

==========================================================================
finish max_capacitance_check_slack_limit
--------------------------------------------------------------------------
0.7946

==========================================================================
finish max_slew_violation_count
--------------------------------------------------------------------------
max slew violation count 0

==========================================================================
finish max_fanout_violation_count
--------------------------------------------------------------------------
max fanout violation count 0

==========================================================================
finish max_cap_violation_count
--------------------------------------------------------------------------
max cap violation count 0

==========================================================================
finish setup_violation_count
--------------------------------------------------------------------------
setup violation count 0

==========================================================================
finish hold_violation_count
--------------------------------------------------------------------------
hold violation count 0

==========================================================================
finish report_checks -path_delay max reg to reg
--------------------------------------------------------------------------
Startpoint: master.clk_cnt[9]$_DFF_PP0_
            (rising edge-triggered flip-flop clocked by core_clock)
Endpoint: master.scl_int$_DFFE_PP1N_
          (rising edge-triggered flip-flop clocked by core_clock)
Path Group: core_clock
Path Type: max

  Delay    Time   Description
---------------------------------------------------------
   0.00    0.00   clock core_clock (rise edge)
   0.00    0.00   clock source latency
   0.00    0.00 ^ clk (in)
   0.11    0.11 ^ clkbuf_0_clk/X (sky130_fd_sc_hd__clkbuf_8)
   0.14    0.25 ^ clkbuf_1_0__f_clk/X (sky130_fd_sc_hd__clkbuf_8)
   0.00    0.25 ^ master.clk_cnt[9]$_DFF_PP0_/CLK (sky130_fd_sc_hd__dfrtp_1)
   0.44    0.69 v master.clk_cnt[9]$_DFF_PP0_/Q (sky130_fd_sc_hd__dfrtp_1)
   0.30    0.98 ^ _326_/Y (sky130_fd_sc_hd__nor4b_1)
   0.42    1.41 ^ _328_/X (sky130_fd_sc_hd__and4_1)
   0.18    1.59 ^ _413_/X (sky130_fd_sc_hd__xor2_1)
   0.00    1.59 ^ master.scl_int$_DFFE_PP1N_/D (sky130_fd_sc_hd__dfstp_2)
           1.59   data arrival time

  10.00   10.00   clock core_clock (rise edge)
   0.00   10.00   clock source latency
   0.00   10.00 ^ clk (in)
   0.11   10.11 ^ clkbuf_0_clk/X (sky130_fd_sc_hd__clkbuf_8)
   0.14   10.24 ^ clkbuf_1_1__f_clk/X (sky130_fd_sc_hd__clkbuf_8)
   0.00   10.25 ^ master.scl_int$_DFFE_PP1N_/CLK (sky130_fd_sc_hd__dfstp_2)
   0.00   10.25   clock reconvergence pessimism
  -0.07   10.18   library setup time
          10.18   data required time
---------------------------------------------------------
          10.18   data required time
          -1.59   data arrival time
---------------------------------------------------------
           8.59   slack (MET)



==========================================================================
finish report_checks -path_delay min reg to reg
--------------------------------------------------------------------------
Startpoint: master.clk_cnt[15]$_DFF_PP0_
            (rising edge-triggered flip-flop clocked by core_clock)
Endpoint: master.clk_cnt[15]$_DFF_PP0_
          (rising edge-triggered flip-flop clocked by core_clock)
Path Group: core_clock
Path Type: min

  Delay    Time   Description
---------------------------------------------------------
   0.00    0.00   clock core_clock (rise edge)
   0.00    0.00   clock source latency
   0.00    0.00 ^ clk (in)
   0.11    0.11 ^ clkbuf_0_clk/X (sky130_fd_sc_hd__clkbuf_8)
   0.14    0.25 ^ clkbuf_1_0__f_clk/X (sky130_fd_sc_hd__clkbuf_8)
   0.00    0.25 ^ master.clk_cnt[15]$_DFF_PP0_/CLK (sky130_fd_sc_hd__dfrtp_1)
   0.36    0.61 ^ master.clk_cnt[15]$_DFF_PP0_/Q (sky130_fd_sc_hd__dfrtp_1)
   0.07    0.68 v _373_/X (sky130_fd_sc_hd__xor2_1)
   0.00    0.68 v master.clk_cnt[15]$_DFF_PP0_/D (sky130_fd_sc_hd__dfrtp_1)
           0.68   data arrival time

   0.00    0.00   clock core_clock (rise edge)
   0.00    0.00   clock source latency
   0.00    0.00 ^ clk (in)
   0.11    0.11 ^ clkbuf_0_clk/X (sky130_fd_sc_hd__clkbuf_8)
   0.14    0.25 ^ clkbuf_1_0__f_clk/X (sky130_fd_sc_hd__clkbuf_8)
   0.00    0.25 ^ master.clk_cnt[15]$_DFF_PP0_/CLK (sky130_fd_sc_hd__dfrtp_1)
   0.00    0.25   clock reconvergence pessimism
  -0.04    0.21   library hold time
           0.21   data required time
---------------------------------------------------------
           0.21   data required time
          -0.68   data arrival time
---------------------------------------------------------
           0.47   slack (MET)



==========================================================================
finish critical path target clock latency max path
--------------------------------------------------------------------------
0

==========================================================================
finish critical path target clock latency min path
--------------------------------------------------------------------------
0

==========================================================================
finish critical path source clock latency min path
--------------------------------------------------------------------------
0

==========================================================================
finish critical path delay
--------------------------------------------------------------------------
1.5861

==========================================================================
finish critical path slack
--------------------------------------------------------------------------
8.5893

==========================================================================
finish slack div critical path delay
--------------------------------------------------------------------------
541.535843

==========================================================================
finish report_power
--------------------------------------------------------------------------
Group                  Internal  Switching    Leakage      Total
                          Power      Power      Power      Power (Watts)
----------------------------------------------------------------
Sequential             6.94e-05   0.00e+00   6.39e-10   6.94e-05  53.3%
Combinational          7.66e-06   3.71e-06   7.24e-10   1.14e-05   8.7%
Clock                  2.82e-05   2.13e-05   2.28e-11   4.95e-05  38.0%
Macro                  0.00e+00   0.00e+00   0.00e+00   0.00e+00   0.0%
Pad                    0.00e+00   0.00e+00   0.00e+00   0.00e+00   0.0%
----------------------------------------------------------------
Total                  1.05e-04   2.50e-05   1.39e-09   1.30e-04 100.0%
                          80.8%      19.2%       0.0%
